|SourceProjectName:qtutorial.hpr
|DestinationProjectName:qtutorial.htm
whhost.js
whmsg.js
whmozemu.js
whproxy.js
whstub.js
whutils.js
whver.js
whform.js
whphost.js
whstart.js
whtopic.js
whframes.js
whlang.js
whskin_info.htm
whskin_blank.htm
whskin_pickup.htm
whskin_homepage.htm
whskin_tw.htm
whnjs.htm
whthost.js
whtdhtml.htm
whihost.js
whibody.htm
whiform.htm
whfhost.js
whfbody.htm
whfform.htm
whghost.js
whgbody.htm
whgdhtml.htm
whgdef.htm
whproj.js
whproj.xml
whproj.htm
whxdata\whtoc.xml
whxdata\whidx.xml
whxdata\whfts.xml
whxdata\whglo.xml
whdata\whtoc.js
whdata\whtoc.htm
whdata\whtdata.js
whdata\whidx.js
whdata\whidx.htm
whdata\whidata.js
whdata\whfts.js
whdata\whfts.htm
whdata\whglo.js
whdata\whglo.htm
whdata\whgdata.js
whdata\whftdata.js
whdata\whfwdata.js
whres.xml
webhelp.jar
webhelp.cab
whgdata\whnvp30.htm
whgdata\whnvp31.htm
whgdata\whnvp32.htm
whgdata\whnvp33.htm
whgdata\whnvt30.htm
whgdata\whnvt31.htm
whgdata\whnvt32.htm
whgdata\whnvt33.htm
whgdata\whnvf30.htm
whgdata\whnvf31.htm
whgdata\whnvf32.htm
whgdata\whnvf33.htm
whgdata\whnvl31.htm
whgdata\whnvl32.htm
whgdata\whnvl33.htm
whgdata\whexpbar.gif
cshdat_webhelp.htm
whcsh_home.htm
whcshdata.htm
cshdat_robohelp.htm
wht_tab0.gif
wht_tab1.gif
wht_tab2.gif
wht_tab3.gif
wht_tab4.gif
wht_tab5.gif
wht_tab6.gif
wht_tab7.gif
wht_tab8.gif
wht_glo_h.gif
wht_glo_n.gif
wht_fts_h.gif
wht_fts_n.gif
wht_idx_h.gif
wht_idx_n.gif
wht_toc_h.gif
wht_toc_n.gif
wht_ws.gif
wht_ws_g.gif
wht_logo1.gif
wht_logo2.gif
wht_abgw.jpg
wht_abgi.jpg
wht_abge.jpg
wht_abtw.jpg
wht_abte.jpg
wht_abti.jpg
wht_spac.gif
wht_next.gif
wht_next_g.gif
wht_prev.gif
wht_prev_g.gif
wht_sync.gif
wht_hide.gif
wht_go.gif
whstart.ico
whestart.ico
whrstart.ico
whidhtml.htm
whfdhtml.htm
whskin_banner.htm
whtbar.js
nor_home_act.gif
nor_home_deact.gif
blueback.gif
nor_con_act.gif
nor_con_deact.gif
index.gif
search.gif
other_index.gif
go.gif
altera_wht_127x27.png
leftarrow.gif
r01.gif
rightarrow.gif
r02.gif
directional.gif
close.gif
urls.gif
book_closed.gif
bookopen.gif
page.gif
whskin_pdhtml.htm
whskin_papplet.htm
whskin_plist.htm
whskin_tbars.htm
whskin_mbars.htm
whskin_frmset010.htm
whst_topics.xml
whskin_frmset01.htm
qtutorial_hha.hhk
qtutorial.hhc
qtutorial.hhk
movie_htms\bu_incremental_guide.htm
movie_htms\bu_incremental_guide_b.htm
movie_htms\bu_incremental_guide_c.htm
movie_htms\bu_incremental_guide_d.htm
movie_htms\bu_incremental_guide_e.htm
movie_htms\bu_incremental_guide_f.htm
movie_htms\bu_incremental_show.htm
movie_htms\bu_incremental_show_b.htm
movie_htms\bu_incremental_show_c.htm
movie_htms\bu_incremental_show_d.htm
movie_htms\bu_incremental_show_e.htm
movie_htms\bu_incremental_show_f.htm
movie_htms\bu_incremental_test.htm
movie_htms\bu_incremental_test_b.htm
movie_htms\bu_incremental_test_c.htm
movie_htms\bu_incremental_test_d.htm
movie_htms\bu_incremental_test_e.htm
movie_htms\comp_guide_step1.htm
movie_htms\comp_guide_step2.htm
movie_htms\comp_guide_step3.htm
movie_htms\comp_guide_step4.htm
movie_htms\comp_guide_step4b.htm
movie_htms\comp_guide_step5.htm
movie_htms\comp_show_step1.htm
movie_htms\comp_show_step2.htm
movie_htms\comp_show_step3.htm
movie_htms\comp_show_step3b.htm
movie_htms\comp_show_step4.htm
movie_htms\comp_show_step4b.htm
movie_htms\comp_show_step4c.htm
movie_htms\comp_show_step5.htm
movie_htms\comp_test_step1.htm
movie_htms\comp_test_step2.htm
movie_htms\comp_test_step3.htm
movie_htms\comp_test_step4.htm
movie_htms\comp_test_step4b.htm
movie_htms\comp_test_step5.htm
movie_htms\compile_start.htm
movie_htms\design_guide_step1.htm
movie_htms\design_guide_step2.htm
movie_htms\design_guide_step3.htm
movie_htms\design_guide_step4.htm
movie_htms\design_guide_step5.htm
movie_htms\design_show_step1.htm
movie_htms\design_show_step2.htm
movie_htms\design_show_step3.htm
movie_htms\design_show_step4.htm
movie_htms\design_show_step5.htm
movie_htms\design_start.htm
movie_htms\design_test_step1.htm
movie_htms\design_test_step2.htm
movie_htms\design_test_step3.htm
movie_htms\design_test_step4.htm
movie_htms\design_test_step5.htm
movie_htms\home.htm
movie_htms\incremental_compilation.htm
movie_htms\pgm_guide_step1.htm
movie_htms\pgm_guide_step2.htm
movie_htms\pgm_guide_step3.htm
movie_htms\pgm_guide_step4.htm
movie_htms\pgm_show_step1.htm
movie_htms\pgm_show_step2.htm
movie_htms\pgm_show_step3.htm
movie_htms\pgm_show_step4.htm
movie_htms\pgm_test_step1.htm
movie_htms\pgm_test_step2.htm
movie_htms\pgm_test_step3.htm
movie_htms\pgm_test_step4.htm
movie_htms\program_start.htm
movie_htms\project_start.htm
movie_htms\simulate_guide_step1.htm
movie_htms\simulate_guide_step2.htm
movie_htms\simulate_guide_step3.htm
movie_htms\simulate_guide_step4.htm
movie_htms\simulate_show_step1.htm
movie_htms\simulate_show_step1b.htm
movie_htms\simulate_show_step2.htm
movie_htms\simulate_show_step3.htm
movie_htms\simulate_show_step4.htm
movie_htms\simulate_start.htm
movie_htms\simulate_test_step1.htm
movie_htms\simulate_test_step2.htm
movie_htms\simulate_test_step3.htm
movie_htms\simulate_test_step4.htm
movie_htms\td_incremental_guide.htm
movie_htms\td_incremental_guide_b.htm
movie_htms\td_incremental_guide_c.htm
movie_htms\td_incremental_show.htm
movie_htms\td_incremental_show_b.htm
movie_htms\td_incremental_show_c.htm
movie_htms\td_incremental_test.htm
movie_htms\td_incremental_test_b.htm
movie_htms\td_incremental_test_c.htm
movie_htms\time_guide_step1.htm
movie_htms\time_guide_step2.htm
movie_htms\time_guide_step3.htm
movie_htms\time_guide_step4.htm
movie_htms\time_guide_step5.htm
movie_htms\time_guide_step6.htm
movie_htms\time_show_step1.htm
movie_htms\time_show_step2.htm
movie_htms\time_show_step3.htm
movie_htms\time_show_step4.htm
movie_htms\time_show_step5.htm
movie_htms\time_show_step6.htm
movie_htms\time_start.htm
movie_htms\time_test_step1.htm
movie_htms\time_test_step2.htm
movie_htms\time_test_step3.htm
movie_htms\time_test_step4.htm
movie_htms\time_test_step5.htm
movie_htms\time_test_step6.htm
movie_htms\tutorial_start.htm
robohhre.lng
movie_htms\standard.js
qtutorial.glo
default.css
movie_htms\design_guide_step1.swf
movie_htms\comp_show_step3.swf
movie_htms\time_test_step6.swf
movie_htms\comp_test_step1.swf
movie_htms\design_show_step1.swf
movie_htms\bu_incremental_guide_e.swf
movie_htms\time_start.swf
movie_htms\bu_incremental_test.swf
movie_htms\time_guide_step5.swf
movie_htms\simulate_test_step4.swf
movie_htms\design_guide_step2.swf
movie_htms\comp_show_step4.swf
movie_htms\comp_test_step2.swf
movie_htms\simulate_guide_step1.swf
movie_htms\design_show_step2.swf
movie_htms\bu_incremental_guide_f.swf
movie_htms\pgm_guide_step1.swf
movie_htms\bu_incremental_show_b.swf
movie_htms\td_incremental_guide.swf
movie_htms\simulate_show_step1b.swf
movie_htms\time_guide_step6.swf
movie_htms\comp_show_step5.swf
movie_htms\comp_test_step3.swf
movie_htms\simulate_guide_step2.swf
movie_htms\design_show_step3.swf
movie_htms\td_incremental_test.swf
movie_htms\pgm_guide_step2.swf
movie_htms\bu_incremental_show_c.swf
movie_htms\bu_incremental_guide.swf
movie_htms\design_guide_step3.swf
movie_htms\simulate_guide_step3.swf
movie_htms\design_show_step4.swf
movie_htms\design_test_step1.swf
movie_htms\pgm_guide_step3.swf
movie_htms\home.swf
movie_htms\bu_incremental_show.swf
movie_htms\bu_incremental_show_d.swf
movie_htms\design_guide_step4.swf
movie_htms\comp_test_step4.swf
movie_htms\simulate_guide_step4.swf
movie_htms\design_show_step5.swf
movie_htms\design_test_step2.swf
movie_htms\pgm_guide_step4.swf
movie_htms\bu_incremental_show_e.swf
movie_htms\simulate_start.swf
movie_htms\design_guide_step5.swf
movie_htms\comp_test_step5.swf
movie_htms\design_test_step3.swf
movie_htms\pgm_show_step1.swf
movie_htms\td_incremental_show.swf
movie_htms\bu_incremental_show_f.swf
movie_htms\bu_incremental_test_b.swf
movie_htms\compile_start.swf
movie_htms\pgm_show_step2.swf
movie_htms\bu_incremental_test_c.swf
movie_htms\design_test_step4.swf
movie_htms\bu_incremental_test_d.swf
movie_htms\design_test_step5.swf
movie_htms\pgm_show_step3.swf
movie_htms\comp_test_step4b.swf
movie_htms\pgm_test_step1.swf
movie_htms\incremental_compilation.swf
movie_htms\bu_incremental_test_e.swf
movie_htms\tutorial_start.swf
movie_htms\pgm_show_step4.swf
movie_htms\pgm_test_step2.swf
movie_htms\comp_guide_step4b.swf
movie_htms\time_show_step1.swf
movie_htms\td_incremental_guide_b.swf
movie_htms\pgm_test_step3.swf
movie_htms\program_start.swf
movie_htms\time_show_step2.swf
movie_htms\td_incremental_guide_c.swf
movie_htms\pgm_test_step4.swf
movie_htms\comp_show_step4b.swf
movie_htms\td_incremental_show_b.swf
movie_htms\time_show_step3.swf
movie_htms\comp_show_step4c.swf
movie_htms\comp_show_step3b.swf
movie_htms\comp_guide_step1.swf
movie_htms\simulate_show_step1.swf
movie_htms\project_start.swf
movie_htms\time_show_step4.swf
movie_htms\time_test_step1.swf
movie_htms\td_incremental_show_c.swf
movie_htms\time_guide_step1.swf
movie_htms\comp_guide_step2.swf
movie_htms\simulate_show_step2.swf
movie_htms\design_start.swf
movie_htms\time_show_step5.swf
movie_htms\time_test_step2.swf
movie_htms\simulate_show_step3.swf
movie_htms\time_show_step6.swf
movie_htms\time_test_step3.swf
movie_htms\bu_incremental_guide_b.swf
movie_htms\td_incremental_test_b.swf
movie_htms\time_guide_step2.swf
movie_htms\comp_guide_step3.swf
movie_htms\simulate_test_step1.swf
movie_htms\comp_show_step1.swf
movie_htms\time_test_step4.swf
movie_htms\bu_incremental_guide_c.swf
movie_htms\td_incremental_test_c.swf
movie_htms\comp_guide_step4.swf
movie_htms\simulate_test_step2.swf
movie_htms\time_guide_step3.swf
movie_htms\simulate_show_step4.swf
movie_htms\comp_show_step2.swf
movie_htms\time_test_step5.swf
movie_htms\bu_incremental_guide_d.swf
movie_htms\time_guide_step4.swf
movie_htms\simulate_test_step3.swf
movie_htms\comp_guide_step5.swf
ehlpdhtm.js
qtutorial.ppf
whxdata\whtdata0.xml
whxdata\whftdata0.xml
whdata\whtdata0.htm
whdata\whftdata0.htm
whgdata\whlstt0.htm
whgdata\whlstt1.htm
whgdata\whlstt2.htm
whgdata\whlstt3.htm
whgdata\whlstt4.htm
whgdata\whlstt5.htm
whgdata\whlstt6.htm
whgdata\whlstt7.htm
whgdata\whlsti0.htm
whgdata\whlstg0.htm
qtutorial.htm
qtutorial_csh.htm
qtutorial_rhc.htm
