Flow report for Gcpu
Sun Dec 24 09:51:06 2023
Quartus II Version 9.0 Build 184 04/29/2009 Service Pack 1 SJ Web Edition


---------------------
; Table of Contents ;
---------------------
  1. Legal Notice
  2. Flow Summary
  3. Flow Settings
  4. Flow Non-Default Global Settings
  5. Flow Elapsed Time
  6. Flow OS Summary
  7. Flow Log



----------------
; Legal Notice ;
----------------
Copyright (C) 1991-2009 Altera Corporation
Your use of Altera Corporation's design tools, logic functions 
and other software and tools, and its AMPP partner logic 
functions, and any output files from any of the foregoing 
(including device programming or simulation files), and any 
associated documentation or information are expressly subject 
to the terms and conditions of the Altera Program License 
Subscription Agreement, Altera MegaCore Function License 
Agreement, or other applicable license agreement, including, 
without limitation, that your use is for the sole purpose of 
programming logic devices manufactured by Altera and sold by 
Altera or its authorized distributors.  Please refer to the 
applicable agreement for further details.



+-----------------------------------------------------------------------------------+
; Flow Summary                                                                      ;
+------------------------------------+----------------------------------------------+
; Flow Status                        ; Successful - Sun Dec 24 09:51:06 2023        ;
; Quartus II Version                 ; 9.0 Build 184 04/29/2009 SP 1 SJ Web Edition ;
; Revision Name                      ; Gcpu                                         ;
; Top-level Entity Name              ; Gcpu                                         ;
; Family                             ; Cyclone II                                   ;
; Device                             ; EP2C5T144C8                                  ;
; Timing Models                      ; Final                                        ;
; Met timing requirements            ; Yes                                          ;
; Total logic elements               ; 154 / 4,608 ( 3 % )                          ;
;     Total combinational functions  ; 153 / 4,608 ( 3 % )                          ;
;     Dedicated logic registers      ; 50 / 4,608 ( 1 % )                           ;
; Total registers                    ; 50                                           ;
; Total pins                         ; 17 / 89 ( 19 % )                             ;
; Total virtual pins                 ; 0                                            ;
; Total memory bits                  ; 2,048 / 119,808 ( 2 % )                      ;
; Embedded Multiplier 9-bit elements ; 0 / 26 ( 0 % )                               ;
; Total PLLs                         ; 0 / 2 ( 0 % )                                ;
+------------------------------------+----------------------------------------------+


+-----------------------------------------+
; Flow Settings                           ;
+-------------------+---------------------+
; Option            ; Setting             ;
+-------------------+---------------------+
; Start date & time ; 12/24/2023 09:50:58 ;
; Main task         ; Compilation         ;
; Revision Name     ; Gcpu                ;
+-------------------+---------------------+


+-----------------------------------------------------------------------------------------------------------------------+
; Flow Non-Default Global Settings                                                                                      ;
+------------------------------------+-----------------------------------+---------------+-------------+----------------+
; Assignment Name                    ; Value                             ; Default Value ; Entity Name ; Section Id     ;
+------------------------------------+-----------------------------------+---------------+-------------+----------------+
; COMPILER_SIGNATURE_ID              ; 913192897919.170338265813900      ; --            ; --          ; --             ;
; MAX_CORE_JUNCTION_TEMP             ; 85                                ; --            ; --          ; --             ;
; MIN_CORE_JUNCTION_TEMP             ; 0                                 ; --            ; --          ; --             ;
; MISC_FILE                          ; C:/Users/a/Desktop/Gcpu2/Gcpu.dpf ; --            ; --          ; --             ;
; MISC_FILE                          ; F:/0/Gcpu2/Gcpu.dpf               ; --            ; --          ; --             ;
; MISC_FILE                          ; E:/0/Gcpu2/Gcpu.dpf               ; --            ; --          ; --             ;
; PARTITION_COLOR                    ; 16764057                          ; --            ; --          ; Top            ;
; PARTITION_NETLIST_TYPE             ; SOURCE                            ; --            ; --          ; Top            ;
; SEARCH_PATH                        ; in_decode/                        ; --            ; --          ; --             ;
; USE_GENERATED_PHYSICAL_CONSTRAINTS ; Off                               ; --            ; --          ; eda_blast_fpga ;
+------------------------------------+-----------------------------------+---------------+-------------+----------------+


+-----------------------------------------------------------------------------------------------------------------------------+
; Flow Elapsed Time                                                                                                           ;
+-------------------------+--------------+-------------------------+---------------------+------------------------------------+
; Module Name             ; Elapsed Time ; Average Processors Used ; Peak Virtual Memory ; Total CPU Time (on all processors) ;
+-------------------------+--------------+-------------------------+---------------------+------------------------------------+
; Analysis & Synthesis    ; 00:00:02     ; 1.0                     ; 239 MB              ; 00:00:01                           ;
; Fitter                  ; 00:00:02     ; 1.0                     ; 254 MB              ; 00:00:01                           ;
; Assembler               ; 00:00:01     ; 1.0                     ; 216 MB              ; 00:00:00                           ;
; Classic Timing Analyzer ; 00:00:00     ; 1.0                     ; 181 MB              ; 00:00:00                           ;
; Total                   ; 00:00:05     ; --                      ; --                  ; 00:00:02                           ;
+-------------------------+--------------+-------------------------+---------------------+------------------------------------+


+------------------------------------------------------------------------------------------+
; Flow OS Summary                                                                          ;
+-------------------------+------------------+---------------+------------+----------------+
; Module Name             ; Machine Hostname ; OS Name       ; OS Version ; Processor type ;
+-------------------------+------------------+---------------+------------+----------------+
; Analysis & Synthesis    ; GMC9             ; Windows Vista ; 6.2        ; x86_64         ;
; Fitter                  ; GMC9             ; Windows Vista ; 6.2        ; x86_64         ;
; Assembler               ; GMC9             ; Windows Vista ; 6.2        ; x86_64         ;
; Classic Timing Analyzer ; GMC9             ; Windows Vista ; 6.2        ; x86_64         ;
+-------------------------+------------------+---------------+------------+----------------+


------------
; Flow Log ;
------------
quartus_map --read_settings_files=on --write_settings_files=off Gcpu -c Gcpu
quartus_fit --read_settings_files=off --write_settings_files=off Gcpu -c Gcpu
quartus_asm --read_settings_files=off --write_settings_files=off Gcpu -c Gcpu
quartus_tan --read_settings_files=off --write_settings_files=off Gcpu -c Gcpu --timing_analysis_only



